{"C:\\Users\\Majas\\OneDrive\\Dokumenty\\A E H\\semestr 6\\Szafa\\services\\backgroundRemoval.ts": {"path":"C:\\Users\\Majas\\OneDrive\\Dokumenty\\A E H\\semestr 6\\Szafa\\services\\backgroundRemoval.ts","statementMap":{"0":{"start":{"line":1,"column":22},"end":{"line":1,"column":59}},"1":{"start":{"line":4,"column":17},"end":{"line":4,"column":58}},"2":{"start":{"line":5,"column":2},"end":{"line":7,"column":3}},"3":{"start":{"line":6,"column":4},"end":{"line":6,"column":43}},"4":{"start":{"line":9,"column":19},"end":{"line":9,"column":33}},"5":{"start":{"line":11,"column":2},"end":{"line":15,"column":12}},"6":{"start":{"line":17,"column":2},"end":{"line":17,"column":34}},"7":{"start":{"line":18,"column":2},"end":{"line":18,"column":34}},"8":{"start":{"line":19,"column":2},"end":{"line":19,"column":41}},"9":{"start":{"line":21,"column":2},"end":{"line":21,"column":41}},"10":{"start":{"line":23,"column":19},"end":{"line":29,"column":4}},"11":{"start":{"line":31,"column":2},"end":{"line":31,"column":42}},"12":{"start":{"line":33,"column":2},"end":{"line":36,"column":3}},"13":{"start":{"line":34,"column":17},"end":{"line":34,"column":38}},"14":{"start":{"line":35,"column":4},"end":{"line":35,"column":47}},"15":{"start":{"line":38,"column":15},"end":{"line":38,"column":36}},"16":{"start":{"line":40,"column":2},"end":{"line":45,"column":5}},"17":{"start":{"line":41,"column":19},"end":{"line":41,"column":35}},"18":{"start":{"line":42,"column":4},"end":{"line":42,"column":59}},"19":{"start":{"line":42,"column":26},"end":{"line":42,"column":58}},"20":{"start":{"line":43,"column":4},"end":{"line":43,"column":28}},"21":{"start":{"line":44,"column":4},"end":{"line":44,"column":31}}},"fnMap":{"0":{"name":"removeBackground","decl":{"start":{"line":3,"column":22},"end":{"line":3,"column":38}},"loc":{"start":{"line":3,"column":74},"end":{"line":46,"column":1}},"line":3},"1":{"name":"(anonymous_1)","decl":{"start":{"line":40,"column":21},"end":{"line":40,"column":22}},"loc":{"start":{"line":40,"column":42},"end":{"line":45,"column":3}},"line":40},"2":{"name":"(anonymous_2)","decl":{"start":{"line":42,"column":20},"end":{"line":42,"column":21}},"loc":{"start":{"line":42,"column":26},"end":{"line":42,"column":58}},"line":42}},"branchMap":{"0":{"loc":{"start":{"line":5,"column":2},"end":{"line":7,"column":3}},"type":"if","locations":[{"start":{"line":5,"column":2},"end":{"line":7,"column":3}},{"start":{},"end":{}}],"line":5},"1":{"loc":{"start":{"line":33,"column":2},"end":{"line":36,"column":3}},"type":"if","locations":[{"start":{"line":33,"column":2},"end":{"line":36,"column":3}},{"start":{},"end":{}}],"line":33}},"s":{"0":1,"1":4,"2":4,"3":1,"4":3,"5":3,"6":3,"7":3,"8":3,"9":3,"10":3,"11":3,"12":3,"13":1,"14":1,"15":2,"16":2,"17":2,"18":2,"19":2,"20":2,"21":2},"f":{"0":4,"1":2,"2":2},"b":{"0":[1,3],"1":[1,2]},"_coverageSchema":"1a1c01bbd47fc00a2c39e90264f33305004495a9","hash":"2eb6e29637472ad1f9ea9aa02f973eab3551585d"}
,"C:\\Users\\Majas\\OneDrive\\Dokumenty\\A E H\\semestr 6\\Szafa\\services\\cache.ts": {"path":"C:\\Users\\Majas\\OneDrive\\Dokumenty\\A E H\\semestr 6\\Szafa\\services\\cache.ts","statementMap":{"0":{"start":{"line":3,"column":27},"end":{"line":9,"column":1}},"1":{"start":{"line":4,"column":2},"end":{"line":8,"column":3}},"2":{"start":{"line":5,"column":4},"end":{"line":5,"column":58}},"3":{"start":{"line":7,"column":4},"end":{"line":7,"column":43}},"4":{"start":{"line":11,"column":29},"end":{"line":19,"column":1}},"5":{"start":{"line":12,"column":2},"end":{"line":18,"column":3}},"6":{"start":{"line":13,"column":17},"end":{"line":13,"column":48}},"7":{"start":{"line":14,"column":4},"end":{"line":14,"column":42}},"8":{"start":{"line":16,"column":4},"end":{"line":16,"column":44}},"9":{"start":{"line":17,"column":4},"end":{"line":17,"column":16}},"10":{"start":{"line":21,"column":33},"end":{"line":21,"column":78}},"11":{"start":{"line":21,"column":53},"end":{"line":21,"column":78}},"12":{"start":{"line":22,"column":39},"end":{"line":22,"column":87}},"13":{"start":{"line":22,"column":61},"end":{"line":22,"column":87}}},"fnMap":{"0":{"name":"(anonymous_0)","decl":{"start":{"line":3,"column":27},"end":{"line":3,"column":28}},"loc":{"start":{"line":3,"column":76},"end":{"line":9,"column":1}},"line":3},"1":{"name":"(anonymous_1)","decl":{"start":{"line":11,"column":29},"end":{"line":11,"column":30}},"loc":{"start":{"line":11,"column":74},"end":{"line":19,"column":1}},"line":11},"2":{"name":"(anonymous_2)","decl":{"start":{"line":21,"column":33},"end":{"line":21,"column":34}},"loc":{"start":{"line":21,"column":53},"end":{"line":21,"column":78}},"line":21},"3":{"name":"(anonymous_3)","decl":{"start":{"line":22,"column":39},"end":{"line":22,"column":40}},"loc":{"start":{"line":22,"column":61},"end":{"line":22,"column":87}},"line":22}},"branchMap":{"0":{"loc":{"start":{"line":14,"column":11},"end":{"line":14,"column":41}},"type":"cond-expr","locations":[{"start":{"line":14,"column":18},"end":{"line":14,"column":34}},{"start":{"line":14,"column":37},"end":{"line":14,"column":41}}],"line":14}},"s":{"0":1,"1":2,"2":2,"3":1,"4":1,"5":3,"6":3,"7":2,"8":1,"9":1,"10":1,"11":2,"12":1,"13":1},"f":{"0":2,"1":3,"2":2,"3":1},"b":{"0":[1,1]},"_coverageSchema":"1a1c01bbd47fc00a2c39e90264f33305004495a9","hash":"97a785f038eefb33311cdb474accec09043ae46d"}
,"C:\\Users\\Majas\\OneDrive\\Dokumenty\\A E H\\semestr 6\\Szafa\\services\\folders.ts": {"path":"C:\\Users\\Majas\\OneDrive\\Dokumenty\\A E H\\semestr 6\\Szafa\\services\\folders.ts","statementMap":{"0":{"start":{"line":3,"column":26},"end":{"line":23,"column":1}},"1":{"start":{"line":4,"column":19},"end":{"line":4,"column":48}},"2":{"start":{"line":5,"column":15},"end":{"line":5,"column":24}},"3":{"start":{"line":7,"column":2},"end":{"line":9,"column":3}},"4":{"start":{"line":8,"column":4},"end":{"line":8,"column":40}},"5":{"start":{"line":11,"column":35},"end":{"line":15,"column":46}},"6":{"start":{"line":17,"column":2},"end":{"line":20,"column":3}},"7":{"start":{"line":18,"column":4},"end":{"line":18,"column":54}},"8":{"start":{"line":19,"column":4},"end":{"line":19,"column":16}},"9":{"start":{"line":22,"column":2},"end":{"line":22,"column":17}},"10":{"start":{"line":26,"column":28},"end":{"line":40,"column":1}},"11":{"start":{"line":27,"column":19},"end":{"line":27,"column":48}},"12":{"start":{"line":28,"column":15},"end":{"line":28,"column":24}},"13":{"start":{"line":30,"column":2},"end":{"line":30,"column":49}},"14":{"start":{"line":30,"column":13},"end":{"line":30,"column":49}},"15":{"start":{"line":32,"column":20},"end":{"line":34,"column":52}},"16":{"start":{"line":36,"column":2},"end":{"line":39,"column":3}},"17":{"start":{"line":37,"column":4},"end":{"line":37,"column":52}},"18":{"start":{"line":38,"column":4},"end":{"line":38,"column":16}},"19":{"start":{"line":43,"column":28},"end":{"line":53,"column":1}},"20":{"start":{"line":44,"column":20},"end":{"line":47,"column":23}},"21":{"start":{"line":49,"column":2},"end":{"line":52,"column":3}},"22":{"start":{"line":50,"column":4},"end":{"line":50,"column":47}},"23":{"start":{"line":51,"column":4},"end":{"line":51,"column":16}},"24":{"start":{"line":56,"column":28},"end":{"line":82,"column":1}},"25":{"start":{"line":57,"column":2},"end":{"line":57,"column":58}},"26":{"start":{"line":59,"column":36},"end":{"line":62,"column":30}},"27":{"start":{"line":64,"column":2},"end":{"line":67,"column":3}},"28":{"start":{"line":65,"column":4},"end":{"line":65,"column":68}},"29":{"start":{"line":66,"column":4},"end":{"line":66,"column":25}},"30":{"start":{"line":69,"column":2},"end":{"line":69,"column":55}},"31":{"start":{"line":71,"column":33},"end":{"line":74,"column":23}},"32":{"start":{"line":76,"column":2},"end":{"line":79,"column":3}},"33":{"start":{"line":77,"column":4},"end":{"line":77,"column":62}},"34":{"start":{"line":78,"column":4},"end":{"line":78,"column":22}},"35":{"start":{"line":81,"column":2},"end":{"line":81,"column":34}}},"fnMap":{"0":{"name":"(anonymous_0)","decl":{"start":{"line":3,"column":26},"end":{"line":3,"column":27}},"loc":{"start":{"line":3,"column":38},"end":{"line":23,"column":1}},"line":3},"1":{"name":"(anonymous_1)","decl":{"start":{"line":26,"column":28},"end":{"line":26,"column":29}},"loc":{"start":{"line":26,"column":52},"end":{"line":40,"column":1}},"line":26},"2":{"name":"(anonymous_2)","decl":{"start":{"line":43,"column":28},"end":{"line":43,"column":29}},"loc":{"start":{"line":43,"column":73},"end":{"line":53,"column":1}},"line":43},"3":{"name":"(anonymous_3)","decl":{"start":{"line":56,"column":28},"end":{"line":56,"column":29}},"loc":{"start":{"line":56,"column":56},"end":{"line":82,"column":1}},"line":56}},"branchMap":{"0":{"loc":{"start":{"line":7,"column":2},"end":{"line":9,"column":3}},"type":"if","locations":[{"start":{"line":7,"column":2},"end":{"line":9,"column":3}},{"start":{},"end":{}}],"line":7},"1":{"loc":{"start":{"line":17,"column":2},"end":{"line":20,"column":3}},"type":"if","locations":[{"start":{"line":17,"column":2},"end":{"line":20,"column":3}},{"start":{},"end":{}}],"line":17},"2":{"loc":{"start":{"line":30,"column":2},"end":{"line":30,"column":49}},"type":"if","locations":[{"start":{"line":30,"column":2},"end":{"line":30,"column":49}},{"start":{},"end":{}}],"line":30},"3":{"loc":{"start":{"line":36,"column":2},"end":{"line":39,"column":3}},"type":"if","locations":[{"start":{"line":36,"column":2},"end":{"line":39,"column":3}},{"start":{},"end":{}}],"line":36},"4":{"loc":{"start":{"line":49,"column":2},"end":{"line":52,"column":3}},"type":"if","locations":[{"start":{"line":49,"column":2},"end":{"line":52,"column":3}},{"start":{},"end":{}}],"line":49},"5":{"loc":{"start":{"line":64,"column":2},"end":{"line":67,"column":3}},"type":"if","locations":[{"start":{"line":64,"column":2},"end":{"line":67,"column":3}},{"start":{},"end":{}}],"line":64},"6":{"loc":{"start":{"line":76,"column":2},"end":{"line":79,"column":3}},"type":"if","locations":[{"start":{"line":76,"column":2},"end":{"line":79,"column":3}},{"start":{},"end":{}}],"line":76}},"s":{"0":1,"1":1,"2":1,"3":1,"4":1,"5":0,"6":0,"7":0,"8":0,"9":0,"10":1,"11":2,"12":2,"13":2,"14":0,"15":2,"16":2,"17":1,"18":1,"19":1,"20":2,"21":2,"22":1,"23":1,"24":1,"25":1,"26":1,"27":1,"28":0,"29":0,"30":1,"31":1,"32":1,"33":0,"34":0,"35":1},"f":{"0":1,"1":2,"2":2,"3":1},"b":{"0":[1,0],"1":[0,0],"2":[0,2],"3":[1,1],"4":[1,1],"5":[0,1],"6":[0,1]},"_coverageSchema":"1a1c01bbd47fc00a2c39e90264f33305004495a9","hash":"7803fa2b9f60392ec997b474af5a403d0e7a3a12"}
,"C:\\Users\\Majas\\OneDrive\\Dokumenty\\A E H\\semestr 6\\Szafa\\services\\images.ts": {"path":"C:\\Users\\Majas\\OneDrive\\Dokumenty\\A E H\\semestr 6\\Szafa\\services\\images.ts","statementMap":{"0":{"start":{"line":3,"column":25},"end":{"line":53,"column":1}},"1":{"start":{"line":4,"column":2},"end":{"line":52,"column":3}},"2":{"start":{"line":5,"column":21},"end":{"line":5,"column":45}},"3":{"start":{"line":7,"column":31},"end":{"line":7,"column":60}},"4":{"start":{"line":8,"column":4},"end":{"line":8,"column":60}},"5":{"start":{"line":8,"column":24},"end":{"line":8,"column":60}},"6":{"start":{"line":10,"column":21},"end":{"line":10,"column":37}},"7":{"start":{"line":11,"column":24},"end":{"line":11,"column":52}},"8":{"start":{"line":13,"column":4},"end":{"line":13,"column":61}},"9":{"start":{"line":15,"column":35},"end":{"line":20,"column":8}},"10":{"start":{"line":22,"column":4},"end":{"line":25,"column":5}},"11":{"start":{"line":23,"column":6},"end":{"line":23,"column":64}},"12":{"start":{"line":24,"column":6},"end":{"line":24,"column":24}},"13":{"start":{"line":27,"column":36},"end":{"line":29,"column":29}},"14":{"start":{"line":31,"column":21},"end":{"line":31,"column":44}},"15":{"start":{"line":32,"column":4},"end":{"line":32,"column":40}},"16":{"start":{"line":34,"column":48},"end":{"line":41,"column":15}},"17":{"start":{"line":43,"column":4},"end":{"line":46,"column":5}},"18":{"start":{"line":44,"column":6},"end":{"line":44,"column":56}},"19":{"start":{"line":45,"column":6},"end":{"line":45,"column":20}},"20":{"start":{"line":48,"column":4},"end":{"line":48,"column":21}},"21":{"start":{"line":50,"column":4},"end":{"line":50,"column":42}},"22":{"start":{"line":51,"column":4},"end":{"line":51,"column":14}},"23":{"start":{"line":55,"column":33},"end":{"line":70,"column":1}},"24":{"start":{"line":59,"column":20},"end":{"line":62,"column":5}},"25":{"start":{"line":59,"column":49},"end":{"line":62,"column":3}},"26":{"start":{"line":64,"column":20},"end":{"line":64,"column":74}},"27":{"start":{"line":66,"column":2},"end":{"line":69,"column":3}},"28":{"start":{"line":67,"column":4},"end":{"line":67,"column":42}},"29":{"start":{"line":68,"column":4},"end":{"line":68,"column":16}},"30":{"start":{"line":72,"column":33},"end":{"line":83,"column":1}},"31":{"start":{"line":73,"column":26},"end":{"line":76,"column":30}},"32":{"start":{"line":77,"column":2},"end":{"line":80,"column":3}},"33":{"start":{"line":78,"column":4},"end":{"line":78,"column":44}},"34":{"start":{"line":79,"column":4},"end":{"line":79,"column":16}},"35":{"start":{"line":81,"column":17},"end":{"line":81,"column":76}},"36":{"start":{"line":81,"column":42},"end":{"line":81,"column":53}},"37":{"start":{"line":82,"column":2},"end":{"line":82,"column":110}},"38":{"start":{"line":82,"column":41},"end":{"line":82,"column":108}},"39":{"start":{"line":85,"column":27},"end":{"line":124,"column":1}},"40":{"start":{"line":86,"column":2},"end":{"line":86,"column":53}},"41":{"start":{"line":88,"column":36},"end":{"line":91,"column":28}},"42":{"start":{"line":93,"column":2},"end":{"line":96,"column":3}},"43":{"start":{"line":94,"column":4},"end":{"line":94,"column":68}},"44":{"start":{"line":95,"column":4},"end":{"line":95,"column":25}},"45":{"start":{"line":98,"column":2},"end":{"line":98,"column":55}},"46":{"start":{"line":100,"column":29},"end":{"line":103,"column":22}},"47":{"start":{"line":105,"column":2},"end":{"line":108,"column":3}},"48":{"start":{"line":106,"column":4},"end":{"line":106,"column":54}},"49":{"start":{"line":107,"column":4},"end":{"line":107,"column":18}},"50":{"start":{"line":110,"column":2},"end":{"line":110,"column":60}},"51":{"start":{"line":112,"column":19},"end":{"line":112,"column":44}},"52":{"start":{"line":113,"column":2},"end":{"line":121,"column":3}},"53":{"start":{"line":114,"column":36},"end":{"line":116,"column":25}},"54":{"start":{"line":118,"column":4},"end":{"line":120,"column":5}},"55":{"start":{"line":119,"column":6},"end":{"line":119,"column":66}},"56":{"start":{"line":123,"column":2},"end":{"line":123,"column":35}},"57":{"start":{"line":127,"column":30},"end":{"line":137,"column":1}},"58":{"start":{"line":128,"column":20},"end":{"line":131,"column":22}},"59":{"start":{"line":133,"column":2},"end":{"line":136,"column":3}},"60":{"start":{"line":134,"column":4},"end":{"line":134,"column":65}},"61":{"start":{"line":135,"column":4},"end":{"line":135,"column":16}},"62":{"start":{"line":139,"column":33},"end":{"line":155,"column":1}},"63":{"start":{"line":140,"column":29},"end":{"line":140,"column":58}},"64":{"start":{"line":141,"column":2},"end":{"line":141,"column":58}},"65":{"start":{"line":141,"column":22},"end":{"line":141,"column":58}},"66":{"start":{"line":143,"column":26},"end":{"line":147,"column":28}},"67":{"start":{"line":149,"column":2},"end":{"line":152,"column":3}},"68":{"start":{"line":150,"column":4},"end":{"line":150,"column":63}},"69":{"start":{"line":151,"column":4},"end":{"line":151,"column":16}},"70":{"start":{"line":154,"column":2},"end":{"line":154,"column":20}}},"fnMap":{"0":{"name":"(anonymous_0)","decl":{"start":{"line":3,"column":25},"end":{"line":3,"column":26}},"loc":{"start":{"line":3,"column":48},"end":{"line":53,"column":1}},"line":3},"1":{"name":"(anonymous_1)","decl":{"start":{"line":55,"column":33},"end":{"line":55,"column":34}},"loc":{"start":{"line":58,"column":5},"end":{"line":70,"column":1}},"line":58},"2":{"name":"(anonymous_2)","decl":{"start":{"line":59,"column":34},"end":{"line":59,"column":35}},"loc":{"start":{"line":59,"column":49},"end":{"line":62,"column":3}},"line":59},"3":{"name":"(anonymous_3)","decl":{"start":{"line":72,"column":33},"end":{"line":72,"column":34}},"loc":{"start":{"line":72,"column":61},"end":{"line":83,"column":1}},"line":72},"4":{"name":"(anonymous_4)","decl":{"start":{"line":81,"column":27},"end":{"line":81,"column":28}},"loc":{"start":{"line":81,"column":42},"end":{"line":81,"column":53}},"line":81},"5":{"name":"(anonymous_5)","decl":{"start":{"line":82,"column":21},"end":{"line":82,"column":22}},"loc":{"start":{"line":82,"column":41},"end":{"line":82,"column":108}},"line":82},"6":{"name":"(anonymous_6)","decl":{"start":{"line":85,"column":27},"end":{"line":85,"column":28}},"loc":{"start":{"line":85,"column":72},"end":{"line":124,"column":1}},"line":85},"7":{"name":"(anonymous_7)","decl":{"start":{"line":127,"column":30},"end":{"line":127,"column":31}},"loc":{"start":{"line":127,"column":80},"end":{"line":137,"column":1}},"line":127},"8":{"name":"(anonymous_8)","decl":{"start":{"line":139,"column":33},"end":{"line":139,"column":34}},"loc":{"start":{"line":139,"column":45},"end":{"line":155,"column":1}},"line":139}},"branchMap":{"0":{"loc":{"start":{"line":8,"column":4},"end":{"line":8,"column":60}},"type":"if","locations":[{"start":{"line":8,"column":4},"end":{"line":8,"column":60}},{"start":{},"end":{}}],"line":8},"1":{"loc":{"start":{"line":22,"column":4},"end":{"line":25,"column":5}},"type":"if","locations":[{"start":{"line":22,"column":4},"end":{"line":25,"column":5}},{"start":{},"end":{}}],"line":22},"2":{"loc":{"start":{"line":43,"column":4},"end":{"line":46,"column":5}},"type":"if","locations":[{"start":{"line":43,"column":4},"end":{"line":46,"column":5}},{"start":{},"end":{}}],"line":43},"3":{"loc":{"start":{"line":66,"column":2},"end":{"line":69,"column":3}},"type":"if","locations":[{"start":{"line":66,"column":2},"end":{"line":69,"column":3}},{"start":{},"end":{}}],"line":66},"4":{"loc":{"start":{"line":77,"column":2},"end":{"line":80,"column":3}},"type":"if","locations":[{"start":{"line":77,"column":2},"end":{"line":80,"column":3}},{"start":{},"end":{}}],"line":77},"5":{"loc":{"start":{"line":81,"column":17},"end":{"line":81,"column":76}},"type":"binary-expr","locations":[{"start":{"line":81,"column":17},"end":{"line":81,"column":70}},{"start":{"line":81,"column":74},"end":{"line":81,"column":76}}],"line":81},"6":{"loc":{"start":{"line":93,"column":2},"end":{"line":96,"column":3}},"type":"if","locations":[{"start":{"line":93,"column":2},"end":{"line":96,"column":3}},{"start":{},"end":{}}],"line":93},"7":{"loc":{"start":{"line":105,"column":2},"end":{"line":108,"column":3}},"type":"if","locations":[{"start":{"line":105,"column":2},"end":{"line":108,"column":3}},{"start":{},"end":{}}],"line":105},"8":{"loc":{"start":{"line":113,"column":2},"end":{"line":121,"column":3}},"type":"if","locations":[{"start":{"line":113,"column":2},"end":{"line":121,"column":3}},{"start":{},"end":{}}],"line":113},"9":{"loc":{"start":{"line":118,"column":4},"end":{"line":120,"column":5}},"type":"if","locations":[{"start":{"line":118,"column":4},"end":{"line":120,"column":5}},{"start":{},"end":{}}],"line":118},"10":{"loc":{"start":{"line":133,"column":2},"end":{"line":136,"column":3}},"type":"if","locations":[{"start":{"line":133,"column":2},"end":{"line":136,"column":3}},{"start":{},"end":{}}],"line":133},"11":{"loc":{"start":{"line":141,"column":2},"end":{"line":141,"column":58}},"type":"if","locations":[{"start":{"line":141,"column":2},"end":{"line":141,"column":58}},{"start":{},"end":{}}],"line":141},"12":{"loc":{"start":{"line":149,"column":2},"end":{"line":152,"column":3}},"type":"if","locations":[{"start":{"line":149,"column":2},"end":{"line":152,"column":3}},{"start":{},"end":{}}],"line":149},"13":{"loc":{"start":{"line":154,"column":9},"end":{"line":154,"column":19}},"type":"binary-expr","locations":[{"start":{"line":154,"column":9},"end":{"line":154,"column":13}},{"start":{"line":154,"column":17},"end":{"line":154,"column":19}}],"line":154}},"s":{"0":1,"1":1,"2":1,"3":1,"4":1,"5":1,"6":0,"7":0,"8":0,"9":0,"10":0,"11":0,"12":0,"13":0,"14":0,"15":0,"16":0,"17":0,"18":0,"19":0,"20":0,"21":1,"22":1,"23":1,"24":2,"25":3,"26":2,"27":2,"28":1,"29":1,"30":1,"31":1,"32":1,"33":0,"34":0,"35":1,"36":2,"37":1,"38":1,"39":1,"40":1,"41":1,"42":1,"43":0,"44":0,"45":1,"46":1,"47":1,"48":0,"49":0,"50":1,"51":1,"52":1,"53":1,"54":1,"55":0,"56":1,"57":1,"58":3,"59":3,"60":1,"61":1,"62":1,"63":2,"64":2,"65":1,"66":1,"67":1,"68":0,"69":0,"70":1},"f":{"0":1,"1":2,"2":3,"3":1,"4":2,"5":1,"6":1,"7":3,"8":2},"b":{"0":[1,0],"1":[0,0],"2":[0,0],"3":[1,1],"4":[0,1],"5":[1,0],"6":[0,1],"7":[0,1],"8":[1,0],"9":[0,1],"10":[1,2],"11":[1,1],"12":[0,1],"13":[1,0]},"_coverageSchema":"1a1c01bbd47fc00a2c39e90264f33305004495a9","hash":"818f9e9863eac3d411eeecde6f3b6ec3bca1fd3d"}
,"C:\\Users\\Majas\\OneDrive\\Dokumenty\\A E H\\semestr 6\\Szafa\\services\\outfits.ts": {"path":"C:\\Users\\Majas\\OneDrive\\Dokumenty\\A E H\\semestr 6\\Szafa\\services\\outfits.ts","statementMap":{"0":{"start":{"line":15,"column":26},"end":{"line":66,"column":1}},"1":{"start":{"line":16,"column":29},"end":{"line":16,"column":58}},"2":{"start":{"line":17,"column":2},"end":{"line":17,"column":58}},"3":{"start":{"line":17,"column":22},"end":{"line":17,"column":58}},"4":{"start":{"line":19,"column":53},"end":{"line":23,"column":46}},"5":{"start":{"line":25,"column":2},"end":{"line":28,"column":3}},"6":{"start":{"line":26,"column":4},"end":{"line":26,"column":63}},"7":{"start":{"line":27,"column":4},"end":{"line":27,"column":23}},"8":{"start":{"line":30,"column":18},"end":{"line":63,"column":3}},"9":{"start":{"line":32,"column":53},"end":{"line":35,"column":35}},"10":{"start":{"line":37,"column":6},"end":{"line":39,"column":7}},"11":{"start":{"line":38,"column":8},"end":{"line":38,"column":41}},"12":{"start":{"line":41,"column":23},"end":{"line":41,"column":66}},"13":{"start":{"line":41,"column":52},"end":{"line":41,"column":65}},"14":{"start":{"line":43,"column":55},"end":{"line":46,"column":27}},"15":{"start":{"line":48,"column":6},"end":{"line":50,"column":7}},"16":{"start":{"line":49,"column":8},"end":{"line":49,"column":41}},"17":{"start":{"line":52,"column":36},"end":{"line":59,"column":8}},"18":{"start":{"line":53,"column":22},"end":{"line":53,"column":72}},"19":{"start":{"line":53,"column":47},"end":{"line":53,"column":71}},"20":{"start":{"line":54,"column":8},"end":{"line":58,"column":10}},"21":{"start":{"line":61,"column":6},"end":{"line":61,"column":35}},"22":{"start":{"line":65,"column":2},"end":{"line":65,"column":17}},"23":{"start":{"line":68,"column":28},"end":{"line":78,"column":1}},"24":{"start":{"line":69,"column":33},"end":{"line":72,"column":23}},"25":{"start":{"line":74,"column":2},"end":{"line":77,"column":3}},"26":{"start":{"line":75,"column":4},"end":{"line":75,"column":60}},"27":{"start":{"line":76,"column":4},"end":{"line":76,"column":22}}},"fnMap":{"0":{"name":"(anonymous_0)","decl":{"start":{"line":15,"column":26},"end":{"line":15,"column":27}},"loc":{"start":{"line":15,"column":57},"end":{"line":66,"column":1}},"line":15},"1":{"name":"(anonymous_1)","decl":{"start":{"line":31,"column":28},"end":{"line":31,"column":29}},"loc":{"start":{"line":31,"column":46},"end":{"line":62,"column":5}},"line":31},"2":{"name":"(anonymous_2)","decl":{"start":{"line":41,"column":37},"end":{"line":41,"column":38}},"loc":{"start":{"line":41,"column":52},"end":{"line":41,"column":65}},"line":41},"3":{"name":"(anonymous_3)","decl":{"start":{"line":52,"column":50},"end":{"line":52,"column":51}},"loc":{"start":{"line":52,"column":65},"end":{"line":59,"column":7}},"line":52},"4":{"name":"(anonymous_4)","decl":{"start":{"line":53,"column":38},"end":{"line":53,"column":39}},"loc":{"start":{"line":53,"column":47},"end":{"line":53,"column":71}},"line":53},"5":{"name":"(anonymous_5)","decl":{"start":{"line":68,"column":28},"end":{"line":68,"column":29}},"loc":{"start":{"line":68,"column":71},"end":{"line":78,"column":1}},"line":68}},"branchMap":{"0":{"loc":{"start":{"line":17,"column":2},"end":{"line":17,"column":58}},"type":"if","locations":[{"start":{"line":17,"column":2},"end":{"line":17,"column":58}},{"start":{},"end":{}}],"line":17},"1":{"loc":{"start":{"line":25,"column":2},"end":{"line":28,"column":3}},"type":"if","locations":[{"start":{"line":25,"column":2},"end":{"line":28,"column":3}},{"start":{},"end":{}}],"line":25},"2":{"loc":{"start":{"line":31,"column":5},"end":{"line":31,"column":22}},"type":"binary-expr","locations":[{"start":{"line":31,"column":5},"end":{"line":31,"column":16}},{"start":{"line":31,"column":20},"end":{"line":31,"column":22}}],"line":31},"3":{"loc":{"start":{"line":37,"column":6},"end":{"line":39,"column":7}},"type":"if","locations":[{"start":{"line":37,"column":6},"end":{"line":39,"column":7}},{"start":{},"end":{}}],"line":37},"4":{"loc":{"start":{"line":37,"column":10},"end":{"line":37,"column":60}},"type":"binary-expr","locations":[{"start":{"line":37,"column":10},"end":{"line":37,"column":20}},{"start":{"line":37,"column":24},"end":{"line":37,"column":34}},{"start":{"line":37,"column":38},"end":{"line":37,"column":60}}],"line":37},"5":{"loc":{"start":{"line":48,"column":6},"end":{"line":50,"column":7}},"type":"if","locations":[{"start":{"line":48,"column":6},"end":{"line":50,"column":7}},{"start":{},"end":{}}],"line":48},"6":{"loc":{"start":{"line":48,"column":10},"end":{"line":48,"column":36}},"type":"binary-expr","locations":[{"start":{"line":48,"column":10},"end":{"line":48,"column":21}},{"start":{"line":48,"column":25},"end":{"line":48,"column":36}}],"line":48},"7":{"loc":{"start":{"line":55,"column":14},"end":{"line":55,"column":29}},"type":"binary-expr","locations":[{"start":{"line":55,"column":14},"end":{"line":55,"column":23}},{"start":{"line":55,"column":27},"end":{"line":55,"column":29}}],"line":55},"8":{"loc":{"start":{"line":56,"column":21},"end":{"line":56,"column":43}},"type":"binary-expr","locations":[{"start":{"line":56,"column":21},"end":{"line":56,"column":37}},{"start":{"line":56,"column":41},"end":{"line":56,"column":43}}],"line":56},"9":{"loc":{"start":{"line":57,"column":20},"end":{"line":57,"column":42}},"type":"binary-expr","locations":[{"start":{"line":57,"column":20},"end":{"line":57,"column":33}},{"start":{"line":57,"column":37},"end":{"line":57,"column":42}}],"line":57},"10":{"loc":{"start":{"line":74,"column":2},"end":{"line":77,"column":3}},"type":"if","locations":[{"start":{"line":74,"column":2},"end":{"line":77,"column":3}},{"start":{},"end":{}}],"line":74}},"s":{"0":1,"1":3,"2":3,"3":1,"4":2,"5":2,"6":0,"7":0,"8":2,"9":1,"10":1,"11":0,"12":1,"13":1,"14":1,"15":1,"16":0,"17":1,"18":1,"19":1,"20":1,"21":1,"22":2,"23":1,"24":3,"25":3,"26":2,"27":2},"f":{"0":3,"1":1,"2":1,"3":1,"4":1,"5":3},"b":{"0":[1,2],"1":[0,2],"2":[2,0],"3":[0,1],"4":[1,1,1],"5":[0,1],"6":[1,1],"7":[1,0],"8":[1,0],"9":[1,0],"10":[2,1]},"_coverageSchema":"1a1c01bbd47fc00a2c39e90264f33305004495a9","hash":"39d4a71081ba40dc86a3a34a1f43935f13e6d80a"}
,"C:\\Users\\Majas\\OneDrive\\Dokumenty\\A E H\\semestr 6\\Szafa\\utils\\scale.ts": {"path":"C:\\Users\\Majas\\OneDrive\\Dokumenty\\A E H\\semestr 6\\Szafa\\utils\\scale.ts","statementMap":{"0":{"start":{"line":3,"column":19},"end":{"line":3,"column":22}},"1":{"start":{"line":5,"column":32},"end":{"line":5,"column":56}},"2":{"start":{"line":7,"column":14},"end":{"line":7,"column":39}},"3":{"start":{"line":10,"column":2},"end":{"line":10,"column":34}},"4":{"start":{"line":14,"column":18},"end":{"line":14,"column":30}},"5":{"start":{"line":15,"column":2},"end":{"line":15,"column":61}}},"fnMap":{"0":{"name":"s","decl":{"start":{"line":9,"column":16},"end":{"line":9,"column":17}},"loc":{"start":{"line":9,"column":40},"end":{"line":11,"column":1}},"line":9},"1":{"name":"fs","decl":{"start":{"line":13,"column":16},"end":{"line":13,"column":18}},"loc":{"start":{"line":13,"column":41},"end":{"line":16,"column":1}},"line":13}},"branchMap":{},"s":{"0":1,"1":1,"2":1,"3":3,"4":1,"5":1},"f":{"0":3,"1":1},"b":{},"_coverageSchema":"1a1c01bbd47fc00a2c39e90264f33305004495a9","hash":"6b3361fb12bdbad45a284efc3fbda96e097ee39f"}
}
