TN:
SF:services\backgroundRemoval.ts
FN:3,removeBackground
FN:40,(anonymous_1)
FN:42,(anonymous_2)
FNF:3
FNH:3
FNDA:4,removeBackground
FNDA:2,(anonymous_1)
FNDA:2,(anonymous_2)
DA:1,1
DA:4,4
DA:5,4
DA:6,1
DA:9,3
DA:11,3
DA:17,3
DA:18,3
DA:19,3
DA:21,3
DA:23,3
DA:31,3
DA:33,3
DA:34,1
DA:35,1
DA:38,2
DA:40,2
DA:41,2
DA:42,2
DA:43,2
DA:44,2
LF:21
LH:21
BRDA:5,0,0,1
BRDA:5,0,1,3
BRDA:33,1,0,1
BRDA:33,1,1,2
BRF:4
BRH:4
end_of_record
TN:
SF:services\cache.ts
FN:3,(anonymous_0)
FN:11,(anonymous_1)
FN:21,(anonymous_2)
FN:22,(anonymous_3)
FNF:4
FNH:4
FNDA:2,(anonymous_0)
FNDA:3,(anonymous_1)
FNDA:2,(anonymous_2)
FNDA:1,(anonymous_3)
DA:3,1
DA:4,2
DA:5,2
DA:7,1
DA:11,1
DA:12,3
DA:13,3
DA:14,2
DA:16,1
DA:17,1
DA:21,2
DA:22,1
LF:12
LH:12
BRDA:14,0,0,1
BRDA:14,0,1,1
BRF:2
BRH:2
end_of_record
TN:
SF:services\folders.ts
FN:3,(anonymous_0)
FN:26,(anonymous_1)
FN:43,(anonymous_2)
FN:56,(anonymous_3)
FNF:4
FNH:4
FNDA:1,(anonymous_0)
FNDA:2,(anonymous_1)
FNDA:2,(anonymous_2)
FNDA:1,(anonymous_3)
DA:3,1
DA:4,1
DA:5,1
DA:7,1
DA:8,1
DA:11,0
DA:17,0
DA:18,0
DA:19,0
DA:22,0
DA:26,1
DA:27,2
DA:28,2
DA:30,2
DA:32,2
DA:36,2
DA:37,1
DA:38,1
DA:43,1
DA:44,2
DA:49,2
DA:50,1
DA:51,1
DA:56,1
DA:57,1
DA:59,1
DA:64,1
DA:65,0
DA:66,0
DA:69,1
DA:71,1
DA:76,1
DA:77,0
DA:78,0
DA:81,1
LF:35
LH:26
BRDA:7,0,0,1
BRDA:7,0,1,0
BRDA:17,1,0,0
BRDA:17,1,1,0
BRDA:30,2,0,0
BRDA:30,2,1,2
BRDA:36,3,0,1
BRDA:36,3,1,1
BRDA:49,4,0,1
BRDA:49,4,1,1
BRDA:64,5,0,0
BRDA:64,5,1,1
BRDA:76,6,0,0
BRDA:76,6,1,1
BRF:14
BRH:8
end_of_record
TN:
SF:services\images.ts
FN:3,(anonymous_0)
FN:55,(anonymous_1)
FN:59,(anonymous_2)
FN:72,(anonymous_3)
FN:81,(anonymous_4)
FN:82,(anonymous_5)
FN:85,(anonymous_6)
FN:127,(anonymous_7)
FN:139,(anonymous_8)
FNF:9
FNH:9
FNDA:1,(anonymous_0)
FNDA:2,(anonymous_1)
FNDA:3,(anonymous_2)
FNDA:1,(anonymous_3)
FNDA:2,(anonymous_4)
FNDA:1,(anonymous_5)
FNDA:1,(anonymous_6)
FNDA:3,(anonymous_7)
FNDA:2,(anonymous_8)
DA:3,1
DA:4,1
DA:5,1
DA:7,1
DA:8,1
DA:10,0
DA:11,0
DA:13,0
DA:15,0
DA:22,0
DA:23,0
DA:24,0
DA:27,0
DA:31,0
DA:32,0
DA:34,0
DA:43,0
DA:44,0
DA:45,0
DA:48,0
DA:50,1
DA:51,1
DA:55,1
DA:59,3
DA:64,2
DA:66,2
DA:67,1
DA:68,1
DA:72,1
DA:73,1
DA:77,1
DA:78,0
DA:79,0
DA:81,2
DA:82,1
DA:85,1
DA:86,1
DA:88,1
DA:93,1
DA:94,0
DA:95,0
DA:98,1
DA:100,1
DA:105,1
DA:106,0
DA:107,0
DA:110,1
DA:112,1
DA:113,1
DA:114,1
DA:118,1
DA:119,0
DA:123,1
DA:127,1
DA:128,3
DA:133,3
DA:134,1
DA:135,1
DA:139,1
DA:140,2
DA:141,2
DA:143,1
DA:149,1
DA:150,0
DA:151,0
DA:154,1
LF:66
LH:42
BRDA:8,0,0,1
BRDA:8,0,1,0
BRDA:22,1,0,0
BRDA:22,1,1,0
BRDA:43,2,0,0
BRDA:43,2,1,0
BRDA:66,3,0,1
BRDA:66,3,1,1
BRDA:77,4,0,0
BRDA:77,4,1,1
BRDA:81,5,0,1
BRDA:81,5,1,0
BRDA:93,6,0,0
BRDA:93,6,1,1
BRDA:105,7,0,0
BRDA:105,7,1,1
BRDA:113,8,0,1
BRDA:113,8,1,0
BRDA:118,9,0,0
BRDA:118,9,1,1
BRDA:133,10,0,1
BRDA:133,10,1,2
BRDA:141,11,0,1
BRDA:141,11,1,1
BRDA:149,12,0,0
BRDA:149,12,1,1
BRDA:154,13,0,1
BRDA:154,13,1,0
BRF:28
BRH:15
end_of_record
TN:
SF:services\outfits.ts
FN:15,(anonymous_0)
FN:31,(anonymous_1)
FN:41,(anonymous_2)
FN:52,(anonymous_3)
FN:53,(anonymous_4)
FN:68,(anonymous_5)
FNF:6
FNH:6
FNDA:3,(anonymous_0)
FNDA:1,(anonymous_1)
FNDA:1,(anonymous_2)
FNDA:1,(anonymous_3)
FNDA:1,(anonymous_4)
FNDA:3,(anonymous_5)
DA:15,1
DA:16,3
DA:17,3
DA:19,2
DA:25,2
DA:26,0
DA:27,0
DA:30,2
DA:32,1
DA:37,1
DA:38,0
DA:41,1
DA:43,1
DA:48,1
DA:49,0
DA:52,1
DA:53,1
DA:54,1
DA:61,1
DA:65,2
DA:68,1
DA:69,3
DA:74,3
DA:75,2
DA:76,2
LF:25
LH:21
BRDA:17,0,0,1
BRDA:17,0,1,2
BRDA:25,1,0,0
BRDA:25,1,1,2
BRDA:31,2,0,2
BRDA:31,2,1,0
BRDA:37,3,0,0
BRDA:37,3,1,1
BRDA:37,4,0,1
BRDA:37,4,1,1
BRDA:37,4,2,1
BRDA:48,5,0,0
BRDA:48,5,1,1
BRDA:48,6,0,1
BRDA:48,6,1,1
BRDA:55,7,0,1
BRDA:55,7,1,0
BRDA:56,8,0,1
BRDA:56,8,1,0
BRDA:57,9,0,1
BRDA:57,9,1,0
BRDA:74,10,0,2
BRDA:74,10,1,1
BRF:23
BRH:16
end_of_record
TN:
SF:utils\scale.ts
FN:9,s
FN:13,fs
FNF:2
FNH:2
FNDA:3,s
FNDA:1,fs
DA:3,1
DA:5,1
DA:7,1
DA:10,3
DA:14,1
DA:15,1
LF:6
LH:6
BRF:0
BRH:0
end_of_record
